build/app/outputs/mapping/release/seeds.txt
com.example.covid_19_tracker.MainActivity
com.example.covid_19_tracker.MainActivity: MainActivity()
...
androidx.window.layout.DisplayCompatHelperApi17: androidx.window.layout.DisplayCompatHelperApi17 INSTANCE
androidx.window.layout.HardwareFoldingFeature$Type: androidx.window.layout.HardwareFoldingFeature$Type FOLD
androidx.window.layout.SidecarAdapter: androidx.window.layout.SidecarAdapter$Companion Companion
androidx.window.layout.ExtensionWindowLayoutInfoBackend: java.util.Map listenerToActivity
androidx.window.R$styleable: int SplitPairRule_splitMinSmallestWidth
androidx.window.embedding.EmbeddingCompat: java.lang.String TAG
io.flutter.embedding.engine.FlutterJNI: float refreshRateFPS
androidx.window.embedding.ExtensionEmbeddingBackend$SplitListenerWrapper: android.app.Activity activity
androidx.window.R$styleable: int SplitPlaceholderRule_splitMinWidth
androidx.window.embedding.ExtensionEmbeddingBackend$SplitListenerWrapper: androidx.core.util.Consumer callback
io.flutter.view.AccessibilityViewEmbedder: java.util.Map embeddedViewToDisplayBounds
androidx.window.R$attr: int alwaysExpand
androidx.window.layout.DisplayCompatHelperApi28: androidx.window.layout.DisplayCompatHelperApi28 INSTANCE
kotlin.jvm.internal.FunctionReference: int arity
androidx.window.embedding.SplitPairFilter: android.content.ComponentName primaryActivityName
androidx.window.embedding.ExtensionEmbeddingBackend$SplitListenerWrapper: java.util.List lastValue
androidx.window.embedding.ExtensionEmbeddingBackend: java.lang.String TAG
io.flutter.embedding.engine.FlutterJNI: io.flutter.plugin.localization.LocalizationPlugin localizationPlugin
androidx.window.layout.WindowInfoTrackerImpl$windowLayoutInfo$1: android.app.Activity $activity
androidx.window.core.Version: kotlin.Lazy bigInteger$delegate
androidx.window.layout.SidecarCompat$TranslatingCallback: androidx.window.layout.SidecarCompat this$0
androidx.window.layout.FoldingFeature$OcclusionType: java.lang.String description
kotlinx.coroutines.scheduling.WorkQueue: int producerIndex
androidx.window.layout.SidecarCompat$registerConfigurationChangeListener$configChangeObserver$1: android.app.Activity $activity
androidx.window.core.Version: int patch
kotlinx.coroutines.DefaultExecutor: int debugStatus
io.flutter.view.FlutterCallbackInformation: java.lang.String callbackClassName
androidx.window.embedding.SplitController: java.util.Set staticSplitRules
androidx.window.embedding.ExtensionEmbeddingBackend: androidx.window.embedding.EmbeddingInterfaceCompat embeddingExtension
androidx.window.layout.SidecarWindowBackend$WindowLayoutChangeCallbackWrapper: java.util.concurrent.Executor executor
io.flutter.plugin.editing.ImeSyncDeferringInsetsCallback: io.flutter.plugin.editing.ImeSyncDeferringInsetsCallback$AnimationCallback animationCallback
io.flutter.plugin.editing.ImeSyncDeferringInsetsCallback: int overlayInsetTypes
androidx.window.layout.WindowMetricsCalculatorCompat: java.lang.String TAG
androidx.window.layout.WindowMetricsCalculatorCompat: androidx.window.layout.WindowMetricsCalculatorCompat INSTANCE
androidx.window.layout.SidecarWindowBackend$WindowLayoutChangeCallbackWrapper: androidx.window.layout.WindowLayoutInfo lastInfo
kotlinx.coroutines.android.HandlerDispatcherKt: android.view.Choreographer choreographer
androidx.window.layout.WindowInfoTrackerImpl: androidx.window.layout.WindowMetricsCalculator windowMetricsCalculator
kotlinx.coroutines.CancellableContinuationImpl: int _decision
kotlinx.coroutines.JobSupport: java.lang.Object _parentHandle
kotlinx.coroutines.CancelledContinuation: int _resumed
androidx.window.embedding.ExtensionEmbeddingBackend: java.util.concurrent.locks.ReentrantLock globalLock
androidx.window.R$styleable: int SplitPairFilter_secondaryActivityAction
androidx.window.layout.SidecarCompat: androidx.window.layout.SidecarCompat$Companion Companion
io.flutter.embedding.engine.renderer.SurfaceTextureWrapper: java.lang.Runnable onFrameConsumed
androidx.window.R$attr: int primaryActivityName