build/app/outputs/mapping/release/mapping.txt
# compiler: R8
# compiler_version: 3.2.60
# min_api: 16
# common_typos_disable
# {"id":"com.android.tools.r8.mapping","version":"2.0"}
# pg_map_id: 4eca29c
# pg_map_hash: SHA-256 4eca29cce0d725d162a7d6ee7e4c5f6092364f2f9c1948d31934dc49acec984b
com.example.covid_19_tracker.MainActivity -> com.example.covid_19_tracker.MainActivity:
    void configureFlutterEngine(io.flutter.embedding.engine.FlutterEngine) -> v
...
androidx.activity.Cancellable -> androidx.activity.a:
    void cancel() -> d
androidx.activity.ComponentActivity$2 -> androidx.activity.ComponentActivity$2:
    void onStateChanged(androidx.lifecycle.LifecycleOwner,androidx.lifecycle.Lifecycle$Event) -> h
androidx.activity.ComponentActivity$3 -> androidx.activity.ComponentActivity$3:
    void onStateChanged(androidx.lifecycle.LifecycleOwner,androidx.lifecycle.Lifecycle$Event) -> h
androidx.activity.ImmLeaksCleaner -> androidx.activity.ImmLeaksCleaner:
    java.lang.reflect.Field sServedViewField -> d
    java.lang.reflect.Field sNextServedViewField -> e
    java.lang.reflect.Field sHField -> c
    android.app.Activity mActivity -> a
    int sReflectedFieldsInitialized -> b
    void initializeReflectiveFields() -> d
    void onStateChanged(androidx.lifecycle.LifecycleOwner,androidx.lifecycle.Lifecycle$Event) -> h
androidx.activity.OnBackPressedDispatcher$LifecycleOnBackPressedCancellable -> androidx.activity.OnBackPressedDispatcher$LifecycleOnBackPressedCancellable:
    androidx.lifecycle.Lifecycle mLifecycle -> a
    androidx.activity.Cancellable mCurrentCancellable -> b
    void cancel() -> d
    void onStateChanged(androidx.lifecycle.LifecycleOwner,androidx.lifecycle.Lifecycle$Event) -> h
androidx.activity.OnBackPressedDispatcherOwner -> androidx.activity.b:
    androidx.activity.OnBackPressedDispatcher getOnBackPressedDispatcher() -> i
androidx.arch.core.internal.FastSafeIterableMap -> a.a:
    java.util.HashMap mHashMap -> h
    androidx.arch.core.internal.SafeIterableMap$Entry get(java.lang.Object) -> c
    java.lang.Object remove(java.lang.Object) -> f
androidx.arch.core.internal.SafeIterableMap -> a.b:
    androidx.arch.core.internal.SafeIterableMap$Entry mStart -> d
    androidx.arch.core.internal.SafeIterableMap$Entry mEnd -> e
    java.util.WeakHashMap mIterators -> f
    int mSize -> g
    java.util.Iterator descendingIterator() -> a
    java.util.Map$Entry eldest() -> b
    androidx.arch.core.internal.SafeIterableMap$Entry get(java.lang.Object) -> c
    androidx.arch.core.internal.SafeIterableMap$IteratorWithAdditions iteratorWithAdditions() -> d
    java.util.Map$Entry newest() -> e
    java.lang.Object remove(java.lang.Object) -> f
androidx.arch.core.internal.SafeIterableMap$AscendingIterator -> a.b$a:
    androidx.arch.core.internal.SafeIterableMap$Entry backward(androidx.arch.core.internal.SafeIterableMap$Entry) -> b
    androidx.arch.core.internal.SafeIterableMap$Entry forward(androidx.arch.core.internal.SafeIterableMap$Entry) -> c
androidx.arch.core.internal.SafeIterableMap$DescendingIterator -> a.b$b:
    androidx.arch.core.internal.SafeIterableMap$Entry backward(androidx.arch.core.internal.SafeIterableMap$Entry) -> b
    androidx.arch.core.internal.SafeIterableMap$Entry forward(androidx.arch.core.internal.SafeIterableMap$Entry) -> c
androidx.arch.core.internal.SafeIterableMap$Entry -> a.b$c:
    java.lang.Object mKey -> d
    java.lang.Object mValue -> e
    androidx.arch.core.internal.SafeIterableMap$Entry mNext -> f
    androidx.arch.core.internal.SafeIterableMap$Entry mPrevious -> g
androidx.arch.core.internal.SafeIterableMap$IteratorWithAdditions -> a.b$d:
    androidx.arch.core.internal.SafeIterableMap$Entry mCurrent -> d
    boolean mBeforeStart -> e
    androidx.arch.core.internal.SafeIterableMap this$0 -> f
    void supportRemove(androidx.arch.core.internal.SafeIterableMap$Entry) -> a
    java.util.Map$Entry next() -> b