build/app/outputs/mapping/release/usage.txt
com.example.covid_19_tracker.BuildConfig
com.example.covid_19_tracker.R$attr
com.example.covid_19_tracker.R$color
com.example.covid_19_tracker.R$dimen
com.example.covid_19_tracker.R$drawable
com.example.covid_19_tracker.R$id
com.example.covid_19_tracker.R$integer
com.example.covid_19_tracker.R$layout
com.example.covid_19_tracker.R$mipmap
com.example.covid_19_tracker.R$string
com.example.covid_19_tracker.R$style
com.example.covid_19_tracker.R$styleable
com.example.covid_19_tracker.R
...
com.google.common.collect.Iterables$6
com.google.common.collect.Iterables$7
com.google.common.collect.Iterables$8
com.google.common.collect.Iterables$9
com.google.common.collect.Iterables$UnmodifiableIterable
com.google.common.collect.Iterables
com.google.common.collect.Iterators$10
com.google.common.collect.Iterators$11
com.google.common.collect.Iterators$1
com.google.common.collect.Iterators$2
com.google.common.collect.Iterators$3
com.google.common.collect.Iterators$4
com.google.common.collect.Iterators$5
com.google.common.collect.Iterators$6
com.google.common.collect.Iterators$7
com.google.common.collect.Iterators$8
com.google.common.collect.Iterators$9
com.google.common.collect.Iterators$ArrayItr
com.google.common.collect.Iterators$ConcatenatedIterator
com.google.common.collect.Iterators$EmptyModifiableIterator
com.google.common.collect.Iterators$MergingIterator$1
com.google.common.collect.Iterators$MergingIterator
com.google.common.collect.Iterators$PeekingImpl
com.google.common.collect.Iterators
com.google.common.collect.LexicographicalOrdering
com.google.common.collect.LinkedHashMultimap$1
com.google.common.collect.LinkedHashMultimap$ValueEntry
com.google.common.collect.LinkedHashMultimap$ValueSet$1
com.google.common.collect.LinkedHashMultimap$ValueSet
com.google.common.collect.LinkedHashMultimap$ValueSetLink
com.google.common.collect.LinkedHashMultimap
com.google.common.collect.LinkedHashMultimapGwtSerializationDependencies
com.google.common.collect.LinkedHashMultiset
com.google.common.collect.LinkedListMultimap$1
com.google.common.collect.LinkedListMultimap$1EntriesImpl
com.google.common.collect.LinkedListMultimap$1KeySetImpl
com.google.common.collect.LinkedListMultimap$1ValuesImpl$1
com.google.common.collect.LinkedListMultimap$1ValuesImpl
com.google.common.collect.LinkedListMultimap$DistinctKeyIterator
com.google.common.collect.LinkedListMultimap$KeyList
com.google.common.collect.LinkedListMultimap$Node
com.google.common.collect.LinkedListMultimap$NodeIterator
com.google.common.collect.LinkedListMultimap$ValueForKeyIterator
com.google.common.collect.LinkedListMultimap
com.google.common.collect.ListMultimap
com.google.common.collect.Lists$1
com.google.common.collect.Lists$2
com.google.common.collect.Lists$AbstractListWrapper
com.google.common.collect.Lists$CharSequenceAsList
com.google.common.collect.Lists$OnePlusArrayList
com.google.common.collect.Lists$Partition
com.google.common.collect.Lists$RandomAccessListWrapper
com.google.common.collect.Lists$RandomAccessPartition
com.google.common.collect.Lists$RandomAccessReverseList
com.google.common.collect.Lists$ReverseList$1
com.google.common.collect.Lists$ReverseList
com.google.common.collect.Lists$StringAsImmutableList
com.google.common.collect.Lists$TransformingRandomAccessList$1
com.google.common.collect.Lists$TransformingRandomAccessList
com.google.common.collect.Lists$TransformingSequentialList$1
com.google.common.collect.Lists$TransformingSequentialList
com.google.common.collect.Lists$TwoPlusArrayList
com.google.common.collect.Lists
com.google.common.collect.MapDifference$ValueDifference
com.google.common.collect.MapDifference
com.google.common.collect.MapMaker$Dummy
com.google.common.collect.MapMaker
com.google.common.collect.MapMakerInternalMap$1
com.google.common.collect.MapMakerInternalMap$AbstractSerializationProxy
com.google.common.collect.MapMakerInternalMap$AbstractStrongKeyEntry
com.google.common.collect.MapMakerInternalMap$AbstractWeakKeyEntry
com.google.common.collect.MapMakerInternalMap$CleanupMapTask
com.google.common.collect.MapMakerInternalMap$DummyInternalEntry
com.google.common.collect.MapMakerInternalMap$EntryIterator
com.google.common.collect.MapMakerInternalMap$EntrySet
com.google.common.collect.MapMakerInternalMap$HashIterator
com.google.common.collect.MapMakerInternalMap$InternalEntry
com.google.common.collect.MapMakerInternalMap$InternalEntryHelper
com.google.common.collect.MapMakerInternalMap$KeyIterator